Analysis & Synthesis report for Processor
Fri Feb 26 02:40:04 2021
Quartus II 64-Bit Version 13.0.0 Build 156 04/24/2013 SJ Web Edition


---------------------
; Table of Contents ;
---------------------
  1. Legal Notice
  2. Analysis & Synthesis Summary
  3. Analysis & Synthesis Settings
  4. Parallel Compilation
  5. Analysis & Synthesis Source Files Read
  6. Analysis & Synthesis Resource Usage Summary
  7. Analysis & Synthesis Resource Utilization by Entity
  8. Registers Removed During Synthesis
  9. General Register Statistics
 10. Multiplexer Restructuring Statistics (Restructuring Performed)
 11. Parameter Settings for User Entity Instance: regn:reg_IR
 12. Parameter Settings for User Entity Instance: regn:reg_A
 13. Parameter Settings for User Entity Instance: regn:reg_G
 14. Parameter Settings for User Entity Instance: regn:reg_B
 15. Parameter Settings for User Entity Instance: regn:reg_H
 16. Parameter Settings for User Entity Instance: regn:reg_C
 17. Parameter Settings for User Entity Instance: regn:reg_I
 18. Parameter Settings for User Entity Instance: regn:reg_F
 19. Parameter Settings for User Entity Instance: regn:reg_J
 20. Parameter Settings for User Entity Instance: regn:reg_0
 21. Parameter Settings for User Entity Instance: regn:reg_1
 22. Parameter Settings for User Entity Instance: regn:reg_2
 23. Parameter Settings for User Entity Instance: regn:reg_3
 24. Parameter Settings for User Entity Instance: regn:reg_4
 25. Parameter Settings for User Entity Instance: regn:reg_5
 26. Parameter Settings for User Entity Instance: regn:reg_6
 27. Parameter Settings for User Entity Instance: regn:reg_7
 28. Parameter Settings for Inferred Entity Instance: Addsub:addSub|lpm_add_sub:Add0
 29. Port Connectivity Checks: "dec3to8:decY"
 30. Port Connectivity Checks: "dec3to8:decX"
 31. Port Connectivity Checks: "regn:reg_F"
 32. Port Connectivity Checks: "regn:reg_C"
 33. Port Connectivity Checks: "regn:reg_B"
 34. Elapsed Time Per Partition
 35. Analysis & Synthesis Messages
 36. Analysis & Synthesis Suppressed Messages



----------------
; Legal Notice ;
----------------
Copyright (C) 1991-2013 Altera Corporation
Your use of Altera Corporation's design tools, logic functions 
and other software and tools, and its AMPP partner logic 
functions, and any output files from any of the foregoing 
(including device programming or simulation files), and any 
associated documentation or information are expressly subject 
to the terms and conditions of the Altera Program License 
Subscription Agreement, Altera MegaCore Function License 
Agreement, or other applicable license agreement, including, 
without limitation, that your use is for the sole purpose of 
programming logic devices manufactured by Altera and sold by 
Altera or its authorized distributors.  Please refer to the 
applicable agreement for further details.



+---------------------------------------------------------------------------------+
; Analysis & Synthesis Summary                                                    ;
+------------------------------------+--------------------------------------------+
; Analysis & Synthesis Status        ; Successful - Fri Feb 26 02:40:04 2021      ;
; Quartus II 64-Bit Version          ; 13.0.0 Build 156 04/24/2013 SJ Web Edition ;
; Revision Name                      ; Processor                                  ;
; Top-level Entity Name              ; Processor                                  ;
; Family                             ; Cyclone II                                 ;
; Total logic elements               ; 607                                        ;
;     Total combinational functions  ; 454                                        ;
;     Dedicated logic registers      ; 220                                        ;
; Total registers                    ; 220                                        ;
; Total pins                         ; 36                                         ;
; Total virtual pins                 ; 0                                          ;
; Total memory bits                  ; 0                                          ;
; Embedded Multiplier 9-bit elements ; 0                                          ;
; Total PLLs                         ; 0                                          ;
+------------------------------------+--------------------------------------------+


+----------------------------------------------------------------------------------------------------------------------+
; Analysis & Synthesis Settings                                                                                        ;
+----------------------------------------------------------------------------+--------------------+--------------------+
; Option                                                                     ; Setting            ; Default Value      ;
+----------------------------------------------------------------------------+--------------------+--------------------+
; Device                                                                     ; EP2C35F672C6       ;                    ;
; Top-level entity name                                                      ; Processor          ; Processor          ;
; Family name                                                                ; Cyclone II         ; Cyclone IV GX      ;
; Use smart compilation                                                      ; Off                ; Off                ;
; Enable parallel Assembler and TimeQuest Timing Analyzer during compilation ; On                 ; On                 ;
; Enable compact report table                                                ; Off                ; Off                ;
; Restructure Multiplexers                                                   ; Auto               ; Auto               ;
; Create Debugging Nodes for IP Cores                                        ; Off                ; Off                ;
; Preserve fewer node names                                                  ; On                 ; On                 ;
; Disable OpenCore Plus hardware evaluation                                  ; Off                ; Off                ;
; Verilog Version                                                            ; Verilog_2001       ; Verilog_2001       ;
; VHDL Version                                                               ; VHDL_1993          ; VHDL_1993          ;
; State Machine Processing                                                   ; Auto               ; Auto               ;
; Safe State Machine                                                         ; Off                ; Off                ;
; Extract Verilog State Machines                                             ; On                 ; On                 ;
; Extract VHDL State Machines                                                ; On                 ; On                 ;
; Ignore Verilog initial constructs                                          ; Off                ; Off                ;
; Iteration limit for constant Verilog loops                                 ; 5000               ; 5000               ;
; Iteration limit for non-constant Verilog loops                             ; 250                ; 250                ;
; Add Pass-Through Logic to Inferred RAMs                                    ; On                 ; On                 ;
; Infer RAMs from Raw Logic                                                  ; On                 ; On                 ;
; Parallel Synthesis                                                         ; On                 ; On                 ;
; DSP Block Balancing                                                        ; Auto               ; Auto               ;
; NOT Gate Push-Back                                                         ; On                 ; On                 ;
; Power-Up Don't Care                                                        ; On                 ; On                 ;
; Remove Redundant Logic Cells                                               ; Off                ; Off                ;
; Remove Duplicate Registers                                                 ; On                 ; On                 ;
; Ignore CARRY Buffers                                                       ; Off                ; Off                ;
; Ignore CASCADE Buffers                                                     ; Off                ; Off                ;
; Ignore GLOBAL Buffers                                                      ; Off                ; Off                ;
; Ignore ROW GLOBAL Buffers                                                  ; Off                ; Off                ;
; Ignore LCELL Buffers                                                       ; Off                ; Off                ;
; Ignore SOFT Buffers                                                        ; On                 ; On                 ;
; Limit AHDL Integers to 32 Bits                                             ; Off                ; Off                ;
; Optimization Technique                                                     ; Balanced           ; Balanced           ;
; Carry Chain Length                                                         ; 70                 ; 70                 ;
; Auto Carry Chains                                                          ; On                 ; On                 ;
; Auto Open-Drain Pins                                                       ; On                 ; On                 ;
; Perform WYSIWYG Primitive Resynthesis                                      ; Off                ; Off                ;
; Auto ROM Replacement                                                       ; On                 ; On                 ;
; Auto RAM Replacement                                                       ; On                 ; On                 ;
; Auto Shift Register Replacement                                            ; Auto               ; Auto               ;
; Allow Shift Register Merging across Hierarchies                            ; Auto               ; Auto               ;
; Auto Clock Enable Replacement                                              ; On                 ; On                 ;
; Strict RAM Replacement                                                     ; Off                ; Off                ;
; Allow Synchronous Control Signals                                          ; On                 ; On                 ;
; Force Use of Synchronous Clear Signals                                     ; Off                ; Off                ;
; Auto RAM to Logic Cell Conversion                                          ; Off                ; Off                ;
; Auto Resource Sharing                                                      ; Off                ; Off                ;
; Allow Any RAM Size For Recognition                                         ; Off                ; Off                ;
; Allow Any ROM Size For Recognition                                         ; Off                ; Off                ;
; Allow Any Shift Register Size For Recognition                              ; Off                ; Off                ;
; Use LogicLock Constraints during Resource Balancing                        ; On                 ; On                 ;
; Ignore translate_off and synthesis_off directives                          ; Off                ; Off                ;
; Timing-Driven Synthesis                                                    ; Off                ; Off                ;
; Report Parameter Settings                                                  ; On                 ; On                 ;
; Report Source Assignments                                                  ; On                 ; On                 ;
; Report Connectivity Checks                                                 ; On                 ; On                 ;
; Ignore Maximum Fan-Out Assignments                                         ; Off                ; Off                ;
; Synchronization Register Chain Length                                      ; 2                  ; 2                  ;
; PowerPlay Power Optimization                                               ; Normal compilation ; Normal compilation ;
; HDL message level                                                          ; Level2             ; Level2             ;
; Suppress Register Optimization Related Messages                            ; Off                ; Off                ;
; Number of Removed Registers Reported in Synthesis Report                   ; 5000               ; 5000               ;
; Number of Swept Nodes Reported in Synthesis Report                         ; 5000               ; 5000               ;
; Number of Inverted Registers Reported in Synthesis Report                  ; 100                ; 100                ;
; Clock MUX Protection                                                       ; On                 ; On                 ;
; Auto Gated Clock Conversion                                                ; Off                ; Off                ;
; Block Design Naming                                                        ; Auto               ; Auto               ;
; SDC constraint protection                                                  ; Off                ; Off                ;
; Synthesis Effort                                                           ; Auto               ; Auto               ;
; Shift Register Replacement - Allow Asynchronous Clear Signal               ; On                 ; On                 ;
; Pre-Mapping Resynthesis Optimization                                       ; Off                ; Off                ;
; Analysis & Synthesis Message Level                                         ; Medium             ; Medium             ;
; Disable Register Merging Across Hierarchies                                ; Auto               ; Auto               ;
; Resource Aware Inference For Block RAM                                     ; On                 ; On                 ;
; Synthesis Seed                                                             ; 1                  ; 1                  ;
+----------------------------------------------------------------------------+--------------------+--------------------+


Parallel compilation was disabled, but you have multiple processors available. Enable parallel compilation to reduce compilation time.
+-------------------------------------+
; Parallel Compilation                ;
+----------------------------+--------+
; Processors                 ; Number ;
+----------------------------+--------+
; Number detected on machine ; 6      ;
; Maximum allowed            ; 1      ;
+----------------------------+--------+


+----------------------------------------------------------------------------------------------------------------------------------------------------------------------+
; Analysis & Synthesis Source Files Read                                                                                                                               ;
+----------------------------------+-----------------+------------------------------+------------------------------------------------------------------------+---------+
; File Name with User-Entered Path ; Used in Netlist ; File Type                    ; File Name with Absolute Path                                           ; Library ;
+----------------------------------+-----------------+------------------------------+------------------------------------------------------------------------+---------+
; Processor.v                      ; yes             ; User Verilog HDL File        ; C:/Users/eduar/Desktop/Git/AOC2/Pratica02/Processor/Processor.v        ;         ;
; upcount.v                        ; yes             ; User Verilog HDL File        ; C:/Users/eduar/Desktop/Git/AOC2/Pratica02/Processor/upcount.v          ;         ;
; dec3to8.v                        ; yes             ; User Verilog HDL File        ; C:/Users/eduar/Desktop/Git/AOC2/Pratica02/Processor/dec3to8.v          ;         ;
; regn.v                           ; yes             ; User Verilog HDL File        ; C:/Users/eduar/Desktop/Git/AOC2/Pratica02/Processor/regn.v             ;         ;
; Addsub.v                         ; yes             ; User Verilog HDL File        ; C:/Users/eduar/Desktop/Git/AOC2/Pratica02/Processor/Addsub.v           ;         ;
; Multiplexer.v                    ; yes             ; User Verilog HDL File        ; C:/Users/eduar/Desktop/Git/AOC2/Pratica02/Processor/Multiplexer.v      ;         ;
; Orunit.v                         ; yes             ; User Verilog HDL File        ; C:/Users/eduar/Desktop/Git/AOC2/Pratica02/Processor/Orunit.v           ;         ;
; Shiftlog.v                       ; yes             ; User Verilog HDL File        ; C:/Users/eduar/Desktop/Git/AOC2/Pratica02/Processor/Shiftlog.v         ;         ;
; Setlessthan.v                    ; yes             ; User Verilog HDL File        ; C:/Users/eduar/Desktop/Git/AOC2/Pratica02/Processor/Setlessthan.v      ;         ;
; lpm_add_sub.tdf                  ; yes             ; Megafunction                 ; c:/altera/13.0/quartus/libraries/megafunctions/lpm_add_sub.tdf         ;         ;
; addcore.inc                      ; yes             ; Megafunction                 ; c:/altera/13.0/quartus/libraries/megafunctions/addcore.inc             ;         ;
; look_add.inc                     ; yes             ; Megafunction                 ; c:/altera/13.0/quartus/libraries/megafunctions/look_add.inc            ;         ;
; bypassff.inc                     ; yes             ; Megafunction                 ; c:/altera/13.0/quartus/libraries/megafunctions/bypassff.inc            ;         ;
; altshift.inc                     ; yes             ; Megafunction                 ; c:/altera/13.0/quartus/libraries/megafunctions/altshift.inc            ;         ;
; alt_stratix_add_sub.inc          ; yes             ; Megafunction                 ; c:/altera/13.0/quartus/libraries/megafunctions/alt_stratix_add_sub.inc ;         ;
; aglobal130.inc                   ; yes             ; Megafunction                 ; c:/altera/13.0/quartus/libraries/megafunctions/aglobal130.inc          ;         ;
; db/add_sub_9ri.tdf               ; yes             ; Auto-Generated Megafunction  ; C:/Users/eduar/Desktop/Git/AOC2/Pratica02/Processor/db/add_sub_9ri.tdf ;         ;
+----------------------------------+-----------------+------------------------------+------------------------------------------------------------------------+---------+


+-----------------------------------------------------+
; Analysis & Synthesis Resource Usage Summary         ;
+---------------------------------------------+-------+
; Resource                                    ; Usage ;
+---------------------------------------------+-------+
; Estimated Total logic elements              ; 607   ;
;                                             ;       ;
; Total combinational functions               ; 454   ;
; Logic element usage by number of LUT inputs ;       ;
;     -- 4 input functions                    ; 301   ;
;     -- 3 input functions                    ; 98    ;
;     -- <=2 input functions                  ; 55    ;
;                                             ;       ;
; Logic elements by mode                      ;       ;
;     -- normal mode                          ; 423   ;
;     -- arithmetic mode                      ; 31    ;
;                                             ;       ;
; Total registers                             ; 220   ;
;     -- Dedicated logic registers            ; 220   ;
;     -- I/O registers                        ; 0     ;
;                                             ;       ;
; I/O pins                                    ; 36    ;
; Embedded Multiplier 9-bit elements          ; 0     ;
; Maximum fan-out node                        ; Clock ;
; Maximum fan-out                             ; 220   ;
; Total fan-out                               ; 2265  ;
; Average fan-out                             ; 3.19  ;
+---------------------------------------------+-------+


+-----------------------------------------------------------------------------------------------------------------------------------------------------------------------------------------------------------------------------------------+
; Analysis & Synthesis Resource Utilization by Entity                                                                                                                                                                                     ;
+---------------------------------------+-------------------+--------------+-------------+--------------+---------+-----------+------+--------------+----------------------------------------------------------------------+--------------+
; Compilation Hierarchy Node            ; LC Combinationals ; LC Registers ; Memory Bits ; DSP Elements ; DSP 9x9 ; DSP 18x18 ; Pins ; Virtual Pins ; Full Hierarchy Name                                                  ; Library Name ;
+---------------------------------------+-------------------+--------------+-------------+--------------+---------+-----------+------+--------------+----------------------------------------------------------------------+--------------+
; |Processor                            ; 454 (44)          ; 220 (0)      ; 0           ; 0            ; 0       ; 0         ; 36   ; 0            ; |Processor                                                           ;              ;
;    |Addsub:addSub|                    ; 16 (0)            ; 0 (0)        ; 0           ; 0            ; 0       ; 0         ; 0    ; 0            ; |Processor|Addsub:addSub                                             ;              ;
;       |lpm_add_sub:Add0|              ; 16 (0)            ; 0 (0)        ; 0           ; 0            ; 0       ; 0         ; 0    ; 0            ; |Processor|Addsub:addSub|lpm_add_sub:Add0                            ;              ;
;          |add_sub_9ri:auto_generated| ; 16 (16)           ; 0 (0)        ; 0           ; 0            ; 0       ; 0         ; 0    ; 0            ; |Processor|Addsub:addSub|lpm_add_sub:Add0|add_sub_9ri:auto_generated ;              ;
;    |Multiplexer:mux|                  ; 199 (199)         ; 0 (0)        ; 0           ; 0            ; 0       ; 0         ; 0    ; 0            ; |Processor|Multiplexer:mux                                           ;              ;
;    |Orunit:Orunit|                    ; 16 (16)           ; 0 (0)        ; 0           ; 0            ; 0       ; 0         ; 0    ; 0            ; |Processor|Orunit:Orunit                                             ;              ;
;    |Setlessthan:Sltunit|              ; 16 (16)           ; 0 (0)        ; 0           ; 0            ; 0       ; 0         ; 0    ; 0            ; |Processor|Setlessthan:Sltunit                                       ;              ;
;    |Shiftlog:Shiftunit|               ; 135 (135)         ; 0 (0)        ; 0           ; 0            ; 0       ; 0         ; 0    ; 0            ; |Processor|Shiftlog:Shiftunit                                        ;              ;
;    |regn:reg_0|                       ; 0 (0)             ; 16 (16)      ; 0           ; 0            ; 0       ; 0         ; 0    ; 0            ; |Processor|regn:reg_0                                                ;              ;
;    |regn:reg_1|                       ; 0 (0)             ; 16 (16)      ; 0           ; 0            ; 0       ; 0         ; 0    ; 0            ; |Processor|regn:reg_1                                                ;              ;
;    |regn:reg_2|                       ; 0 (0)             ; 16 (16)      ; 0           ; 0            ; 0       ; 0         ; 0    ; 0            ; |Processor|regn:reg_2                                                ;              ;
;    |regn:reg_3|                       ; 0 (0)             ; 16 (16)      ; 0           ; 0            ; 0       ; 0         ; 0    ; 0            ; |Processor|regn:reg_3                                                ;              ;
;    |regn:reg_4|                       ; 0 (0)             ; 16 (16)      ; 0           ; 0            ; 0       ; 0         ; 0    ; 0            ; |Processor|regn:reg_4                                                ;              ;
;    |regn:reg_5|                       ; 0 (0)             ; 16 (16)      ; 0           ; 0            ; 0       ; 0         ; 0    ; 0            ; |Processor|regn:reg_5                                                ;              ;
;    |regn:reg_6|                       ; 0 (0)             ; 16 (16)      ; 0           ; 0            ; 0       ; 0         ; 0    ; 0            ; |Processor|regn:reg_6                                                ;              ;
;    |regn:reg_7|                       ; 0 (0)             ; 16 (16)      ; 0           ; 0            ; 0       ; 0         ; 0    ; 0            ; |Processor|regn:reg_7                                                ;              ;
;    |regn:reg_A|                       ; 0 (0)             ; 16 (16)      ; 0           ; 0            ; 0       ; 0         ; 0    ; 0            ; |Processor|regn:reg_A                                                ;              ;
;    |regn:reg_F|                       ; 0 (0)             ; 16 (16)      ; 0           ; 0            ; 0       ; 0         ; 0    ; 0            ; |Processor|regn:reg_F                                                ;              ;
;    |regn:reg_G|                       ; 17 (17)           ; 16 (16)      ; 0           ; 0            ; 0       ; 0         ; 0    ; 0            ; |Processor|regn:reg_G                                                ;              ;
;    |regn:reg_H|                       ; 0 (0)             ; 16 (16)      ; 0           ; 0            ; 0       ; 0         ; 0    ; 0            ; |Processor|regn:reg_H                                                ;              ;
;    |regn:reg_IR|                      ; 0 (0)             ; 9 (9)        ; 0           ; 0            ; 0       ; 0         ; 0    ; 0            ; |Processor|regn:reg_IR                                               ;              ;
;    |regn:reg_I|                       ; 1 (1)             ; 1 (1)        ; 0           ; 0            ; 0       ; 0         ; 0    ; 0            ; |Processor|regn:reg_I                                                ;              ;
;    |regn:reg_J|                       ; 8 (8)             ; 16 (16)      ; 0           ; 0            ; 0       ; 0         ; 0    ; 0            ; |Processor|regn:reg_J                                                ;              ;
;    |upcount:Tstrp|                    ; 2 (2)             ; 2 (2)        ; 0           ; 0            ; 0       ; 0         ; 0    ; 0            ; |Processor|upcount:Tstrp                                             ;              ;
+---------------------------------------+-------------------+--------------+-------------+--------------+---------+-----------+------+--------------+----------------------------------------------------------------------+--------------+
Note: For table entries with two numbers listed, the numbers in parentheses indicate the number of resources of the given type used by the specific entity alone. The numbers listed outside of parentheses indicate the total resources of the given type used by the specific entity and all of its sub-entities in the hierarchy.


+---------------------------------------------------------------------------------+
; Registers Removed During Synthesis                                              ;
+----------------------------------------+----------------------------------------+
; Register name                          ; Reason for Removal                     ;
+----------------------------------------+----------------------------------------+
; regn:reg_I|Q[1..15]                    ; Stuck at GND due to stuck port data_in ;
; regn:reg_B|Q[0]                        ; Merged with regn:reg_F|Q[0]            ;
; regn:reg_C|Q[0]                        ; Merged with regn:reg_F|Q[0]            ;
; regn:reg_B|Q[1]                        ; Merged with regn:reg_F|Q[1]            ;
; regn:reg_C|Q[1]                        ; Merged with regn:reg_F|Q[1]            ;
; regn:reg_B|Q[2]                        ; Merged with regn:reg_F|Q[2]            ;
; regn:reg_C|Q[2]                        ; Merged with regn:reg_F|Q[2]            ;
; regn:reg_B|Q[3]                        ; Merged with regn:reg_F|Q[3]            ;
; regn:reg_C|Q[3]                        ; Merged with regn:reg_F|Q[3]            ;
; regn:reg_B|Q[4]                        ; Merged with regn:reg_F|Q[4]            ;
; regn:reg_C|Q[4]                        ; Merged with regn:reg_F|Q[4]            ;
; regn:reg_B|Q[5]                        ; Merged with regn:reg_F|Q[5]            ;
; regn:reg_C|Q[5]                        ; Merged with regn:reg_F|Q[5]            ;
; regn:reg_B|Q[6]                        ; Merged with regn:reg_F|Q[6]            ;
; regn:reg_C|Q[6]                        ; Merged with regn:reg_F|Q[6]            ;
; regn:reg_B|Q[7]                        ; Merged with regn:reg_F|Q[7]            ;
; regn:reg_C|Q[7]                        ; Merged with regn:reg_F|Q[7]            ;
; regn:reg_B|Q[8]                        ; Merged with regn:reg_F|Q[8]            ;
; regn:reg_C|Q[8]                        ; Merged with regn:reg_F|Q[8]            ;
; regn:reg_B|Q[9]                        ; Merged with regn:reg_F|Q[9]            ;
; regn:reg_C|Q[9]                        ; Merged with regn:reg_F|Q[9]            ;
; regn:reg_B|Q[10]                       ; Merged with regn:reg_F|Q[10]           ;
; regn:reg_C|Q[10]                       ; Merged with regn:reg_F|Q[10]           ;
; regn:reg_B|Q[11]                       ; Merged with regn:reg_F|Q[11]           ;
; regn:reg_C|Q[11]                       ; Merged with regn:reg_F|Q[11]           ;
; regn:reg_B|Q[12]                       ; Merged with regn:reg_F|Q[12]           ;
; regn:reg_C|Q[12]                       ; Merged with regn:reg_F|Q[12]           ;
; regn:reg_B|Q[13]                       ; Merged with regn:reg_F|Q[13]           ;
; regn:reg_C|Q[13]                       ; Merged with regn:reg_F|Q[13]           ;
; regn:reg_B|Q[14]                       ; Merged with regn:reg_F|Q[14]           ;
; regn:reg_C|Q[14]                       ; Merged with regn:reg_F|Q[14]           ;
; regn:reg_B|Q[15]                       ; Merged with regn:reg_F|Q[15]           ;
; regn:reg_C|Q[15]                       ; Merged with regn:reg_F|Q[15]           ;
; Total Number of Removed Registers = 47 ;                                        ;
+----------------------------------------+----------------------------------------+


+------------------------------------------------------+
; General Register Statistics                          ;
+----------------------------------------------+-------+
; Statistic                                    ; Value ;
+----------------------------------------------+-------+
; Total registers                              ; 220   ;
; Number of registers using Synchronous Clear  ; 0     ;
; Number of registers using Synchronous Load   ; 0     ;
; Number of registers using Asynchronous Clear ; 0     ;
; Number of registers using Asynchronous Load  ; 0     ;
; Number of registers using Clock Enable       ; 201   ;
; Number of registers using Preset             ; 0     ;
+----------------------------------------------+-------+


+-----------------------------------------------------------------------------------------------------------------------------------------------------+
; Multiplexer Restructuring Statistics (Restructuring Performed)                                                                                      ;
+--------------------+-----------+---------------+----------------------+------------------------+------------+---------------------------------------+
; Multiplexer Inputs ; Bus Width ; Baseline Area ; Area if Restructured ; Saving if Restructured ; Registered ; Example Multiplexer Output            ;
+--------------------+-----------+---------------+----------------------+------------------------+------------+---------------------------------------+
; 7:1                ; 4 bits    ; 16 LEs        ; 12 LEs               ; 4 LEs                  ; Yes        ; |Processor|regn:reg_J|Q[9]            ;
; 7:1                ; 4 bits    ; 16 LEs        ; 12 LEs               ; 4 LEs                  ; Yes        ; |Processor|regn:reg_J|Q[7]            ;
; 8:1                ; 2 bits    ; 10 LEs        ; 8 LEs                ; 2 LEs                  ; Yes        ; |Processor|regn:reg_J|Q[13]           ;
; 8:1                ; 2 bits    ; 10 LEs        ; 8 LEs                ; 2 LEs                  ; Yes        ; |Processor|regn:reg_J|Q[3]            ;
; 9:1                ; 2 bits    ; 12 LEs        ; 10 LEs               ; 2 LEs                  ; Yes        ; |Processor|regn:reg_J|Q[15]           ;
; 9:1                ; 2 bits    ; 12 LEs        ; 10 LEs               ; 2 LEs                  ; Yes        ; |Processor|regn:reg_J|Q[1]            ;
; 6:1                ; 8 bits    ; 32 LEs        ; 8 LEs                ; 24 LEs                 ; No         ; |Processor|Mux21                      ;
; 12:1               ; 8 bits    ; 64 LEs        ; 16 LEs               ; 48 LEs                 ; No         ; |Processor|Mux15                      ;
; 14:1               ; 15 bits   ; 135 LEs       ; 135 LEs              ; 0 LEs                  ; No         ; |Processor|Multiplexer:mux|Selector10 ;
+--------------------+-----------+---------------+----------------------+------------------------+------------+---------------------------------------+


+----------------------------------------------------------+
; Parameter Settings for User Entity Instance: regn:reg_IR ;
+----------------+-------+---------------------------------+
; Parameter Name ; Value ; Type                            ;
+----------------+-------+---------------------------------+
; n              ; 9     ; Signed Integer                  ;
+----------------+-------+---------------------------------+
Note: In order to hide this table in the UI and the text report file, please set the "Show Parameter Settings in Synthesis Report" option in "Analysis and Synthesis Settings -> More Settings" to "Off".


+---------------------------------------------------------+
; Parameter Settings for User Entity Instance: regn:reg_A ;
+----------------+-------+--------------------------------+
; Parameter Name ; Value ; Type                           ;
+----------------+-------+--------------------------------+
; n              ; 16    ; Signed Integer                 ;
+----------------+-------+--------------------------------+
Note: In order to hide this table in the UI and the text report file, please set the "Show Parameter Settings in Synthesis Report" option in "Analysis and Synthesis Settings -> More Settings" to "Off".


+---------------------------------------------------------+
; Parameter Settings for User Entity Instance: regn:reg_G ;
+----------------+-------+--------------------------------+
; Parameter Name ; Value ; Type                           ;
+----------------+-------+--------------------------------+
; n              ; 16    ; Signed Integer                 ;
+----------------+-------+--------------------------------+
Note: In order to hide this table in the UI and the text report file, please set the "Show Parameter Settings in Synthesis Report" option in "Analysis and Synthesis Settings -> More Settings" to "Off".


+---------------------------------------------------------+
; Parameter Settings for User Entity Instance: regn:reg_B ;
+----------------+-------+--------------------------------+
; Parameter Name ; Value ; Type                           ;
+----------------+-------+--------------------------------+
; n              ; 16    ; Signed Integer                 ;
+----------------+-------+--------------------------------+
Note: In order to hide this table in the UI and the text report file, please set the "Show Parameter Settings in Synthesis Report" option in "Analysis and Synthesis Settings -> More Settings" to "Off".


+---------------------------------------------------------+
; Parameter Settings for User Entity Instance: regn:reg_H ;
+----------------+-------+--------------------------------+
; Parameter Name ; Value ; Type                           ;
+----------------+-------+--------------------------------+
; n              ; 16    ; Signed Integer                 ;
+----------------+-------+--------------------------------+
Note: In order to hide this table in the UI and the text report file, please set the "Show Parameter Settings in Synthesis Report" option in "Analysis and Synthesis Settings -> More Settings" to "Off".


+---------------------------------------------------------+
; Parameter Settings for User Entity Instance: regn:reg_C ;
+----------------+-------+--------------------------------+
; Parameter Name ; Value ; Type                           ;
+----------------+-------+--------------------------------+
; n              ; 16    ; Signed Integer                 ;
+----------------+-------+--------------------------------+
Note: In order to hide this table in the UI and the text report file, please set the "Show Parameter Settings in Synthesis Report" option in "Analysis and Synthesis Settings -> More Settings" to "Off".


+---------------------------------------------------------+
; Parameter Settings for User Entity Instance: regn:reg_I ;
+----------------+-------+--------------------------------+
; Parameter Name ; Value ; Type                           ;
+----------------+-------+--------------------------------+
; n              ; 16    ; Signed Integer                 ;
+----------------+-------+--------------------------------+
Note: In order to hide this table in the UI and the text report file, please set the "Show Parameter Settings in Synthesis Report" option in "Analysis and Synthesis Settings -> More Settings" to "Off".


+---------------------------------------------------------+
; Parameter Settings for User Entity Instance: regn:reg_F ;
+----------------+-------+--------------------------------+
; Parameter Name ; Value ; Type                           ;
+----------------+-------+--------------------------------+
; n              ; 16    ; Signed Integer                 ;
+----------------+-------+--------------------------------+
Note: In order to hide this table in the UI and the text report file, please set the "Show Parameter Settings in Synthesis Report" option in "Analysis and Synthesis Settings -> More Settings" to "Off".


+---------------------------------------------------------+
; Parameter Settings for User Entity Instance: regn:reg_J ;
+----------------+-------+--------------------------------+
; Parameter Name ; Value ; Type                           ;
+----------------+-------+--------------------------------+
; n              ; 16    ; Signed Integer                 ;
+----------------+-------+--------------------------------+
Note: In order to hide this table in the UI and the text report file, please set the "Show Parameter Settings in Synthesis Report" option in "Analysis and Synthesis Settings -> More Settings" to "Off".


+---------------------------------------------------------+
; Parameter Settings for User Entity Instance: regn:reg_0 ;
+----------------+-------+--------------------------------+
; Parameter Name ; Value ; Type                           ;
+----------------+-------+--------------------------------+
; n              ; 16    ; Signed Integer                 ;
+----------------+-------+--------------------------------+
Note: In order to hide this table in the UI and the text report file, please set the "Show Parameter Settings in Synthesis Report" option in "Analysis and Synthesis Settings -> More Settings" to "Off".


+---------------------------------------------------------+
; Parameter Settings for User Entity Instance: regn:reg_1 ;
+----------------+-------+--------------------------------+
; Parameter Name ; Value ; Type                           ;
+----------------+-------+--------------------------------+
; n              ; 16    ; Signed Integer                 ;
+----------------+-------+--------------------------------+
Note: In order to hide this table in the UI and the text report file, please set the "Show Parameter Settings in Synthesis Report" option in "Analysis and Synthesis Settings -> More Settings" to "Off".


+---------------------------------------------------------+
; Parameter Settings for User Entity Instance: regn:reg_2 ;
+----------------+-------+--------------------------------+
; Parameter Name ; Value ; Type                           ;
+----------------+-------+--------------------------------+
; n              ; 16    ; Signed Integer                 ;
+----------------+-------+--------------------------------+
Note: In order to hide this table in the UI and the text report file, please set the "Show Parameter Settings in Synthesis Report" option in "Analysis and Synthesis Settings -> More Settings" to "Off".


+---------------------------------------------------------+
; Parameter Settings for User Entity Instance: regn:reg_3 ;
+----------------+-------+--------------------------------+
; Parameter Name ; Value ; Type                           ;
+----------------+-------+--------------------------------+
; n              ; 16    ; Signed Integer                 ;
+----------------+-------+--------------------------------+
Note: In order to hide this table in the UI and the text report file, please set the "Show Parameter Settings in Synthesis Report" option in "Analysis and Synthesis Settings -> More Settings" to "Off".


+---------------------------------------------------------+
; Parameter Settings for User Entity Instance: regn:reg_4 ;
+----------------+-------+--------------------------------+
; Parameter Name ; Value ; Type                           ;
+----------------+-------+--------------------------------+
; n              ; 16    ; Signed Integer                 ;
+----------------+-------+--------------------------------+
Note: In order to hide this table in the UI and the text report file, please set the "Show Parameter Settings in Synthesis Report" option in "Analysis and Synthesis Settings -> More Settings" to "Off".


+---------------------------------------------------------+
; Parameter Settings for User Entity Instance: regn:reg_5 ;
+----------------+-------+--------------------------------+
; Parameter Name ; Value ; Type                           ;
+----------------+-------+--------------------------------+
; n              ; 16    ; Signed Integer                 ;
+----------------+-------+--------------------------------+
Note: In order to hide this table in the UI and the text report file, please set the "Show Parameter Settings in Synthesis Report" option in "Analysis and Synthesis Settings -> More Settings" to "Off".


+---------------------------------------------------------+
; Parameter Settings for User Entity Instance: regn:reg_6 ;
+----------------+-------+--------------------------------+
; Parameter Name ; Value ; Type                           ;
+----------------+-------+--------------------------------+
; n              ; 16    ; Signed Integer                 ;
+----------------+-------+--------------------------------+
Note: In order to hide this table in the UI and the text report file, please set the "Show Parameter Settings in Synthesis Report" option in "Analysis and Synthesis Settings -> More Settings" to "Off".


+---------------------------------------------------------+
; Parameter Settings for User Entity Instance: regn:reg_7 ;
+----------------+-------+--------------------------------+
; Parameter Name ; Value ; Type                           ;
+----------------+-------+--------------------------------+
; n              ; 16    ; Signed Integer                 ;
+----------------+-------+--------------------------------+
Note: In order to hide this table in the UI and the text report file, please set the "Show Parameter Settings in Synthesis Report" option in "Analysis and Synthesis Settings -> More Settings" to "Off".


+---------------------------------------------------------------------------------+
; Parameter Settings for Inferred Entity Instance: Addsub:addSub|lpm_add_sub:Add0 ;
+------------------------+-------------+------------------------------------------+
; Parameter Name         ; Value       ; Type                                     ;
+------------------------+-------------+------------------------------------------+
; LPM_WIDTH              ; 16          ; Untyped                                  ;
; LPM_REPRESENTATION     ; UNSIGNED    ; Untyped                                  ;
; LPM_DIRECTION          ; DEFAULT     ; Untyped                                  ;
; ONE_INPUT_IS_CONSTANT  ; NO          ; Untyped                                  ;
; LPM_PIPELINE           ; 0           ; Untyped                                  ;
; MAXIMIZE_SPEED         ; 5           ; Untyped                                  ;
; REGISTERED_AT_END      ; 0           ; Untyped                                  ;
; OPTIMIZE_FOR_SPEED     ; 5           ; Untyped                                  ;
; USE_CS_BUFFERS         ; 1           ; Untyped                                  ;
; CARRY_CHAIN            ; MANUAL      ; Untyped                                  ;
; CARRY_CHAIN_LENGTH     ; 48          ; CARRY_CHAIN_LENGTH                       ;
; DEVICE_FAMILY          ; Cyclone II  ; Untyped                                  ;
; USE_WYS                ; OFF         ; Untyped                                  ;
; STYLE                  ; FAST        ; Untyped                                  ;
; CBXI_PARAMETER         ; add_sub_9ri ; Untyped                                  ;
; AUTO_CARRY_CHAINS      ; ON          ; AUTO_CARRY                               ;
; IGNORE_CARRY_BUFFERS   ; OFF         ; IGNORE_CARRY                             ;
; AUTO_CASCADE_CHAINS    ; ON          ; AUTO_CASCADE                             ;
; IGNORE_CASCADE_BUFFERS ; OFF         ; IGNORE_CASCADE                           ;
+------------------------+-------------+------------------------------------------+
Note: In order to hide this table in the UI and the text report file, please set the "Show Parameter Settings in Synthesis Report" option in "Analysis and Synthesis Settings -> More Settings" to "Off".


+------------------------------------------+
; Port Connectivity Checks: "dec3to8:decY" ;
+------+-------+----------+----------------+
; Port ; Type  ; Severity ; Details        ;
+------+-------+----------+----------------+
; En   ; Input ; Info     ; Stuck at VCC   ;
+------+-------+----------+----------------+


+------------------------------------------+
; Port Connectivity Checks: "dec3to8:decX" ;
+------+-------+----------+----------------+
; Port ; Type  ; Severity ; Details        ;
+------+-------+----------+----------------+
; En   ; Input ; Info     ; Stuck at VCC   ;
+------+-------+----------+----------------+


+----------------------------------------+
; Port Connectivity Checks: "regn:reg_F" ;
+------+-------+----------+--------------+
; Port ; Type  ; Severity ; Details      ;
+------+-------+----------+--------------+
; Rin  ; Input ; Info     ; Stuck at VCC ;
+------+-------+----------+--------------+


+----------------------------------------+
; Port Connectivity Checks: "regn:reg_C" ;
+------+-------+----------+--------------+
; Port ; Type  ; Severity ; Details      ;
+------+-------+----------+--------------+
; Rin  ; Input ; Info     ; Stuck at VCC ;
+------+-------+----------+--------------+


+----------------------------------------+
; Port Connectivity Checks: "regn:reg_B" ;
+------+-------+----------+--------------+
; Port ; Type  ; Severity ; Details      ;
+------+-------+----------+--------------+
; Rin  ; Input ; Info     ; Stuck at VCC ;
+------+-------+----------+--------------+


+-------------------------------+
; Elapsed Time Per Partition    ;
+----------------+--------------+
; Partition Name ; Elapsed Time ;
+----------------+--------------+
; Top            ; 00:00:01     ;
+----------------+--------------+


+-------------------------------+
; Analysis & Synthesis Messages ;
+-------------------------------+
Info: *******************************************************************
Info: Running Quartus II 64-Bit Analysis & Synthesis
    Info: Version 13.0.0 Build 156 04/24/2013 SJ Web Edition
    Info: Processing started: Fri Feb 26 02:40:01 2021
Info: Command: quartus_map --read_settings_files=on --write_settings_files=off Processor -c Processor
Warning (20028): Parallel compilation is not licensed and has been disabled
Info (12021): Found 1 design units, including 1 entities, in source file processor.v
    Info (12023): Found entity 1: Processor
Info (12021): Found 1 design units, including 1 entities, in source file upcount.v
    Info (12023): Found entity 1: upcount
Info (12021): Found 1 design units, including 1 entities, in source file dec3to8.v
    Info (12023): Found entity 1: dec3to8
Info (12021): Found 1 design units, including 1 entities, in source file regn.v
    Info (12023): Found entity 1: regn
Info (12021): Found 1 design units, including 1 entities, in source file addsub.v
    Info (12023): Found entity 1: Addsub
Info (12021): Found 1 design units, including 1 entities, in source file multiplexer.v
    Info (12023): Found entity 1: Multiplexer
Info (12021): Found 1 design units, including 1 entities, in source file orunit.v
    Info (12023): Found entity 1: Orunit
Info (12021): Found 1 design units, including 1 entities, in source file shiftlog.v
    Info (12023): Found entity 1: Shiftlog
Info (12021): Found 1 design units, including 1 entities, in source file setlessthan.v
    Info (12023): Found entity 1: Setlessthan
Info (12127): Elaborating entity "Processor" for the top level hierarchy
Warning (10240): Verilog HDL Always Construct warning at Processor.v(98): inferring latch(es) for variable "Fin", which holds its previous value in one or more paths through the always construct
Warning (10240): Verilog HDL Always Construct warning at Processor.v(98): inferring latch(es) for variable "Cin", which holds its previous value in one or more paths through the always construct
Warning (10240): Verilog HDL Always Construct warning at Processor.v(98): inferring latch(es) for variable "Bin", which holds its previous value in one or more paths through the always construct
Info (10041): Inferred latch for "Bin" at Processor.v(98)
Info (10041): Inferred latch for "Cin" at Processor.v(98)
Info (10041): Inferred latch for "Fin" at Processor.v(98)
Info (12128): Elaborating entity "upcount" for hierarchy "upcount:Tstrp"
Info (12128): Elaborating entity "regn" for hierarchy "regn:reg_IR"
Info (12128): Elaborating entity "regn" for hierarchy "regn:reg_A"
Info (12128): Elaborating entity "Addsub" for hierarchy "Addsub:addSub"
Info (12128): Elaborating entity "Orunit" for hierarchy "Orunit:Orunit"
Info (12128): Elaborating entity "Setlessthan" for hierarchy "Setlessthan:Sltunit"
Info (12128): Elaborating entity "Shiftlog" for hierarchy "Shiftlog:Shiftunit"
Info (12128): Elaborating entity "Multiplexer" for hierarchy "Multiplexer:mux"
Info (10264): Verilog HDL Case Statement information at Multiplexer.v(10): all case item expressions in this case statement are onehot
Info (12128): Elaborating entity "dec3to8" for hierarchy "dec3to8:decX"
Info (278001): Inferred 1 megafunctions from design logic
    Info (278002): Inferred adder/subtractor megafunction ("lpm_add_sub") from the following logic: "Addsub:addSub|Add0"
Info (12130): Elaborated megafunction instantiation "Addsub:addSub|lpm_add_sub:Add0"
Info (12133): Instantiated megafunction "Addsub:addSub|lpm_add_sub:Add0" with the following parameter:
    Info (12134): Parameter "LPM_WIDTH" = "16"
    Info (12134): Parameter "LPM_DIRECTION" = "DEFAULT"
    Info (12134): Parameter "LPM_REPRESENTATION" = "UNSIGNED"
    Info (12134): Parameter "ONE_INPUT_IS_CONSTANT" = "NO"
Info (12021): Found 1 design units, including 1 entities, in source file db/add_sub_9ri.tdf
    Info (12023): Found entity 1: add_sub_9ri
Info (144001): Generated suppressed messages file C:/Users/eduar/Desktop/Git/AOC2/Pratica02/Processor/output_files/Processor.map.smsg
Info (16010): Generating hard_block partition "hard_block:auto_generated_inst"
    Info (16011): Adding 0 node(s), including 0 DDIO, 0 PLL, 0 transceiver and 0 LCELL
Warning (21074): Design contains 2 input pin(s) that do not drive logic
    Warning (15610): No output dependent on input pin "Resetn"
    Warning (15610): No output dependent on input pin "Run"
Info (21057): Implemented 659 device resources after synthesis - the final resource count might be different
    Info (21058): Implemented 19 input pins
    Info (21059): Implemented 17 output pins
    Info (21061): Implemented 623 logic cells
Info: Quartus II 64-Bit Analysis & Synthesis was successful. 0 errors, 7 warnings
    Info: Peak virtual memory: 4600 megabytes
    Info: Processing ended: Fri Feb 26 02:40:04 2021
    Info: Elapsed time: 00:00:03
    Info: Total CPU time (on all processors): 00:00:02


+------------------------------------------+
; Analysis & Synthesis Suppressed Messages ;
+------------------------------------------+
The suppressed messages can be found in C:/Users/eduar/Desktop/Git/AOC2/Pratica02/Processor/output_files/Processor.map.smsg.


